<?xml version="1.0" encoding="UTF-8"?>
<testsuite name="AccountServiceTest" tests="1" skipped="0" failures="0" errors="0" timestamp="2022-08-26T11:03:24" hostname="DESKTOP-5U6L102" time="18.169">
  <properties/>
  <testcase name="start" classname="AccountServiceTest" time="18.169"/>
  <system-out><![CDATA[?[1;31m
Start test 1?[0m
 __    __   __          __    __       _______. __  
|  |  |  | |  |        |  |  |  |     /       ||  | 
|  |__|  | |  |        |  |__|  |    |   (----`|  | 
|   __   | |  |        |   __   |     \   \    |  | 
|  |  |  | |  |  __    |  |  |  | .----)   |   |__| 
|__|  |__| |__| (_ )   |__|  |__| |_______/    (__) 
                 |/           
 :: Spring Boot ::                 (v2.3.1.RELEASE)

2022-08-26 15:03:25.390  INFO 1264 --- [    Test worker] account.AccountServiceApplication        : Starting AccountServiceApplication on DESKTOP-5U6L102 with PID 1264 (started by sergdm in C:\java\hyperskill.org\Account Service\Account Service\task)
2022-08-26 15:03:25.400  INFO 1264 --- [    Test worker] account.AccountServiceApplication        : No active profile set, falling back to default profiles: default
2022-08-26 15:03:27.204  INFO 1264 --- [    Test worker] .s.d.r.c.RepositoryConfigurationDelegate : Bootstrapping Spring Data JPA repositories in DEFERRED mode.
2022-08-26 15:03:27.325  INFO 1264 --- [    Test worker] .s.d.r.c.RepositoryConfigurationDelegate : Finished Spring Data repository scanning in 101ms. Found 2 JPA repository interfaces.
2022-08-26 15:03:28.524  INFO 1264 --- [    Test worker] o.s.b.w.embedded.tomcat.TomcatWebServer  : Tomcat initialized with port(s): 28852 (http)
2022-08-26 15:03:28.534  INFO 1264 --- [    Test worker] o.apache.catalina.core.StandardService   : Starting service [Tomcat]
2022-08-26 15:03:28.534  INFO 1264 --- [    Test worker] org.apache.catalina.core.StandardEngine  : Starting Servlet engine: [Apache Tomcat/9.0.36]
2022-08-26 15:03:28.735  INFO 1264 --- [    Test worker] o.a.c.c.C.[Tomcat].[localhost].[/]       : Initializing Spring embedded WebApplicationContext
2022-08-26 15:03:28.735  INFO 1264 --- [    Test worker] w.s.c.ServletWebServerApplicationContext : Root WebApplicationContext: initialization completed in 3234 ms
2022-08-26 15:03:28.935  INFO 1264 --- [    Test worker] com.zaxxer.hikari.HikariDataSource       : HikariPool-1 - Starting...
2022-08-26 15:03:29.317  INFO 1264 --- [    Test worker] com.zaxxer.hikari.HikariDataSource       : HikariPool-1 - Start completed.
2022-08-26 15:03:29.336  INFO 1264 --- [    Test worker] o.s.b.a.h2.H2ConsoleAutoConfiguration    : H2 console available at '/h2-console'. Database available at 'jdbc:h2:file:~/account_db'
2022-08-26 15:03:29.649  INFO 1264 --- [    Test worker] o.s.s.concurrent.ThreadPoolTaskExecutor  : Initializing ExecutorService 'applicationTaskExecutor'
2022-08-26 15:03:29.759  INFO 1264 --- [         task-1] o.hibernate.jpa.internal.util.LogHelper  : HHH000204: Processing PersistenceUnitInfo [name: default]
2022-08-26 15:03:29.851  WARN 1264 --- [    Test worker] JpaBaseConfiguration$JpaWebConfiguration : spring.jpa.open-in-view is enabled by default. Therefore, database queries may be performed during view rendering. Explicitly configure spring.jpa.open-in-view to disable this warning
2022-08-26 15:03:29.922  INFO 1264 --- [         task-1] org.hibernate.Version                    : HHH000412: Hibernate ORM core version 5.4.17.Final
2022-08-26 15:03:30.331  INFO 1264 --- [         task-1] o.hibernate.annotations.common.Version   : HCANN000001: Hibernate Commons Annotations {5.1.0.Final}
2022-08-26 15:03:30.351  INFO 1264 --- [    Test worker] o.s.s.web.DefaultSecurityFilterChain     : Creating filter chain: any request, [org.springframework.security.web.context.request.async.WebAsyncManagerIntegrationFilter@5d37aa0f, org.springframework.security.web.context.SecurityContextPersistenceFilter@4fa5cc73, org.springframework.security.web.header.HeaderWriterFilter@1ed9d173, org.springframework.security.web.authentication.logout.LogoutFilter@4cb4c4cc, org.springframework.security.web.authentication.www.BasicAuthenticationFilter@1dca62c2, org.springframework.security.web.savedrequest.RequestCacheAwareFilter@70139a81, org.springframework.security.web.servletapi.SecurityContextHolderAwareRequestFilter@57f0bfc3, org.springframework.security.web.authentication.AnonymousAuthenticationFilter@6076c66, org.springframework.security.web.session.SessionManagementFilter@66b6873f, org.springframework.security.web.access.ExceptionTranslationFilter@6068ebb2, org.springframework.security.web.access.intercept.FilterSecurityInterceptor@c94bd18]
2022-08-26 15:03:30.673  INFO 1264 --- [         task-1] org.hibernate.dialect.Dialect            : HHH000400: Using dialect: org.hibernate.dialect.H2Dialect
Hibernate: create table employee (id bigint generated by default as identity, employee varchar(255), period varchar(255), salary bigint check (salary>=0), primary key (id))
Hibernate: create table user (id bigint not null, account_non_expired boolean not null, account_non_locked boolean not null, credentials_non_expired boolean not null, email varchar(255), enabled boolean not null, lastname varchar(255), name varchar(255), password varchar(255), username varchar(255), primary key (id))
Hibernate: create table user_roles (user_id bigint not null, roles varchar(255))
Hibernate: create sequence hibernate_sequence start with 1 increment by 1
Hibernate: alter table user_roles add constraint FK55itppkw3i07do3h7qoclqd4k foreign key (user_id) references user
2022-08-26 15:03:32.876  INFO 1264 --- [         task-1] o.h.e.t.j.p.i.JtaPlatformInitiator       : HHH000490: Using JtaPlatform implementation: [org.hibernate.engine.transaction.jta.platform.internal.NoJtaPlatform]
2022-08-26 15:03:32.954  INFO 1264 --- [         task-1] j.LocalContainerEntityManagerFactoryBean : Initialized JPA EntityManagerFactory for persistence unit 'default'
2022-08-26 15:03:33.355  INFO 1264 --- [    Test worker] o.s.b.a.e.web.EndpointLinksResolver      : Exposing 14 endpoint(s) beneath base path '/actuator'
2022-08-26 15:03:33.485  INFO 1264 --- [    Test worker] o.s.b.w.embedded.tomcat.TomcatWebServer  : Tomcat started on port(s): 28852 (http) with context path ''
2022-08-26 15:03:33.485  INFO 1264 --- [    Test worker] DeferredRepositoryInitializationListener : Triggering deferred initialization of Spring Data repositoriesâ€¦
2022-08-26 15:03:34.115  INFO 1264 --- [    Test worker] DeferredRepositoryInitializationListener : Spring Data repositories initialized!
2022-08-26 15:03:34.125  INFO 1264 --- [    Test worker] account.AccountServiceApplication        : Started AccountServiceApplication in 9.305 seconds (JVM running for 10.965)
2022-08-26 15:03:34.659  INFO 1264 --- [io-28852-exec-1] o.a.c.c.C.[Tomcat].[localhost].[/]       : Initializing Spring DispatcherServlet 'dispatcherServlet'
2022-08-26 15:03:34.659  INFO 1264 --- [io-28852-exec-1] o.s.web.servlet.DispatcherServlet        : Initializing Servlet 'dispatcherServlet'
2022-08-26 15:03:34.669  INFO 1264 --- [io-28852-exec-1] o.s.web.servlet.DispatcherServlet        : Completed initialization in 10 ms
?[1;31m
Start test 2?[0m
?[1;31m
Start test 3?[0m
?[1;31m
Start test 4?[0m
?[1;31m
Start test 5?[0m
?[1;31m
Start test 6?[0m
?[1;31m
Start test 7?[0m
?[1;31m
Start test 8?[0m
?[1;31m
Start test 9?[0m
?[1;31m
Start test 10?[0m
?[1;31m
Start test 11?[0m
?[1;31m
Start test 12?[0m
Hibernate: select user0_.id as id1_1_, user0_.account_non_expired as account_2_1_, user0_.account_non_locked as account_3_1_, user0_.credentials_non_expired as credenti4_1_, user0_.email as email5_1_, user0_.enabled as enabled6_1_, user0_.lastname as lastname7_1_, user0_.name as name8_1_, user0_.password as password9_1_, user0_.username as usernam10_1_ from user user0_ where user0_.username=?
Hibernate: call next value for hibernate_sequence
Hibernate: insert into user (account_non_expired, account_non_locked, credentials_non_expired, email, enabled, lastname, name, password, username, id) values (?, ?, ?, ?, ?, ?, ?, ?, ?, ?)
Hibernate: insert into user_roles (user_id, roles) values (?, ?)
Hibernate: select user0_.id as id1_1_, user0_.account_non_expired as account_2_1_, user0_.account_non_locked as account_3_1_, user0_.credentials_non_expired as credenti4_1_, user0_.email as email5_1_, user0_.enabled as enabled6_1_, user0_.lastname as lastname7_1_, user0_.name as name8_1_, user0_.password as password9_1_, user0_.username as usernam10_1_ from user user0_ where user0_.username=?
Hibernate: select roles0_.user_id as user_id1_2_0_, roles0_.roles as roles2_2_0_ from user_roles roles0_ where roles0_.user_id=?
?[1;31m
Start test 13?[0m
Hibernate: select user0_.id as id1_1_, user0_.account_non_expired as account_2_1_, user0_.account_non_locked as account_3_1_, user0_.credentials_non_expired as credenti4_1_, user0_.email as email5_1_, user0_.enabled as enabled6_1_, user0_.lastname as lastname7_1_, user0_.name as name8_1_, user0_.password as password9_1_, user0_.username as usernam10_1_ from user user0_ where user0_.username=?
Hibernate: select roles0_.user_id as user_id1_2_0_, roles0_.roles as roles2_2_0_ from user_roles roles0_ where roles0_.user_id=?
?[1;31m
Start test 14?[0m
Hibernate: select user0_.id as id1_1_, user0_.account_non_expired as account_2_1_, user0_.account_non_locked as account_3_1_, user0_.credentials_non_expired as credenti4_1_, user0_.email as email5_1_, user0_.enabled as enabled6_1_, user0_.lastname as lastname7_1_, user0_.name as name8_1_, user0_.password as password9_1_, user0_.username as usernam10_1_ from user user0_ where user0_.username=?
Hibernate: select roles0_.user_id as user_id1_2_0_, roles0_.roles as roles2_2_0_ from user_roles roles0_ where roles0_.user_id=?
?[1;31m
Start test 15?[0m
Hibernate: select user0_.id as id1_1_, user0_.account_non_expired as account_2_1_, user0_.account_non_locked as account_3_1_, user0_.credentials_non_expired as credenti4_1_, user0_.email as email5_1_, user0_.enabled as enabled6_1_, user0_.lastname as lastname7_1_, user0_.name as name8_1_, user0_.password as password9_1_, user0_.username as usernam10_1_ from user user0_ where user0_.username=?
Hibernate: select roles0_.user_id as user_id1_2_0_, roles0_.roles as roles2_2_0_ from user_roles roles0_ where roles0_.user_id=?
?[1;31m
Start test 16?[0m
Hibernate: select user0_.id as id1_1_, user0_.account_non_expired as account_2_1_, user0_.account_non_locked as account_3_1_, user0_.credentials_non_expired as credenti4_1_, user0_.email as email5_1_, user0_.enabled as enabled6_1_, user0_.lastname as lastname7_1_, user0_.name as name8_1_, user0_.password as password9_1_, user0_.username as usernam10_1_ from user user0_ where user0_.username=?
Hibernate: call next value for hibernate_sequence
Hibernate: insert into user (account_non_expired, account_non_locked, credentials_non_expired, email, enabled, lastname, name, password, username, id) values (?, ?, ?, ?, ?, ?, ?, ?, ?, ?)
Hibernate: insert into user_roles (user_id, roles) values (?, ?)
Hibernate: select user0_.id as id1_1_, user0_.account_non_expired as account_2_1_, user0_.account_non_locked as account_3_1_, user0_.credentials_non_expired as credenti4_1_, user0_.email as email5_1_, user0_.enabled as enabled6_1_, user0_.lastname as lastname7_1_, user0_.name as name8_1_, user0_.password as password9_1_, user0_.username as usernam10_1_ from user user0_ where user0_.username=?
Hibernate: select roles0_.user_id as user_id1_2_0_, roles0_.roles as roles2_2_0_ from user_roles roles0_ where roles0_.user_id=?
?[1;31m
Start test 17?[0m
Hibernate: select user0_.id as id1_1_, user0_.account_non_expired as account_2_1_, user0_.account_non_locked as account_3_1_, user0_.credentials_non_expired as credenti4_1_, user0_.email as email5_1_, user0_.enabled as enabled6_1_, user0_.lastname as lastname7_1_, user0_.name as name8_1_, user0_.password as password9_1_, user0_.username as usernam10_1_ from user user0_ where user0_.username=?
Hibernate: select roles0_.user_id as user_id1_2_0_, roles0_.roles as roles2_2_0_ from user_roles roles0_ where roles0_.user_id=?
?[1;31m
Start test 18?[0m
Hibernate: select user0_.id as id1_1_, user0_.account_non_expired as account_2_1_, user0_.account_non_locked as account_3_1_, user0_.credentials_non_expired as credenti4_1_, user0_.email as email5_1_, user0_.enabled as enabled6_1_, user0_.lastname as lastname7_1_, user0_.name as name8_1_, user0_.password as password9_1_, user0_.username as usernam10_1_ from user user0_ where user0_.username=?
Hibernate: select roles0_.user_id as user_id1_2_0_, roles0_.roles as roles2_2_0_ from user_roles roles0_ where roles0_.user_id=?
?[1;31m
Start test 19?[0m
Hibernate: select user0_.id as id1_1_, user0_.account_non_expired as account_2_1_, user0_.account_non_locked as account_3_1_, user0_.credentials_non_expired as credenti4_1_, user0_.email as email5_1_, user0_.enabled as enabled6_1_, user0_.lastname as lastname7_1_, user0_.name as name8_1_, user0_.password as password9_1_, user0_.username as usernam10_1_ from user user0_ where user0_.username=?
Hibernate: select roles0_.user_id as user_id1_2_0_, roles0_.roles as roles2_2_0_ from user_roles roles0_ where roles0_.user_id=?
Hibernate: select employee0_.id as id1_0_, employee0_.employee as employee2_0_, employee0_.period as period3_0_, employee0_.salary as salary4_0_ from employee employee0_ where employee0_.employee=?
?[1;31m
Start test 20?[0m
Hibernate: select user0_.id as id1_1_, user0_.account_non_expired as account_2_1_, user0_.account_non_locked as account_3_1_, user0_.credentials_non_expired as credenti4_1_, user0_.email as email5_1_, user0_.enabled as enabled6_1_, user0_.lastname as lastname7_1_, user0_.name as name8_1_, user0_.password as password9_1_, user0_.username as usernam10_1_ from user user0_ where user0_.username=?
Hibernate: select roles0_.user_id as user_id1_2_0_, roles0_.roles as roles2_2_0_ from user_roles roles0_ where roles0_.user_id=?
Hibernate: select employee0_.id as id1_0_, employee0_.employee as employee2_0_, employee0_.period as period3_0_, employee0_.salary as salary4_0_ from employee employee0_ where employee0_.employee=?
?[1;31m
Start test 21?[0m
Hibernate: select user0_.id as id1_1_, user0_.account_non_expired as account_2_1_, user0_.account_non_locked as account_3_1_, user0_.credentials_non_expired as credenti4_1_, user0_.email as email5_1_, user0_.enabled as enabled6_1_, user0_.lastname as lastname7_1_, user0_.name as name8_1_, user0_.password as password9_1_, user0_.username as usernam10_1_ from user user0_ where user0_.username=?
Hibernate: select roles0_.user_id as user_id1_2_0_, roles0_.roles as roles2_2_0_ from user_roles roles0_ where roles0_.user_id=?
Hibernate: select employee0_.id as id1_0_, employee0_.employee as employee2_0_, employee0_.period as period3_0_, employee0_.salary as salary4_0_ from employee employee0_ where employee0_.employee=?
?[1;31m
Start test 22?[0m
Hibernate: select user0_.id as id1_1_, user0_.account_non_expired as account_2_1_, user0_.account_non_locked as account_3_1_, user0_.credentials_non_expired as credenti4_1_, user0_.email as email5_1_, user0_.enabled as enabled6_1_, user0_.lastname as lastname7_1_, user0_.name as name8_1_, user0_.password as password9_1_, user0_.username as usernam10_1_ from user user0_ where user0_.username=?
Hibernate: select roles0_.user_id as user_id1_2_0_, roles0_.roles as roles2_2_0_ from user_roles roles0_ where roles0_.user_id=?
Hibernate: select employee0_.id as id1_0_, employee0_.employee as employee2_0_, employee0_.period as period3_0_, employee0_.salary as salary4_0_ from employee employee0_ where employee0_.employee=?
?[1;31m
Start test 23?[0m
Hibernate: select user0_.id as id1_1_, user0_.account_non_expired as account_2_1_, user0_.account_non_locked as account_3_1_, user0_.credentials_non_expired as credenti4_1_, user0_.email as email5_1_, user0_.enabled as enabled6_1_, user0_.lastname as lastname7_1_, user0_.name as name8_1_, user0_.password as password9_1_, user0_.username as usernam10_1_ from user user0_ where user0_.username=?
Hibernate: select roles0_.user_id as user_id1_2_0_, roles0_.roles as roles2_2_0_ from user_roles roles0_ where roles0_.user_id=?
?[1;31m
Start test 24?[0m
Hibernate: select user0_.id as id1_1_, user0_.account_non_expired as account_2_1_, user0_.account_non_locked as account_3_1_, user0_.credentials_non_expired as credenti4_1_, user0_.email as email5_1_, user0_.enabled as enabled6_1_, user0_.lastname as lastname7_1_, user0_.name as name8_1_, user0_.password as password9_1_, user0_.username as usernam10_1_ from user user0_ where user0_.username=?
?[1;31m
Start test 25?[0m
Hibernate: select user0_.id as id1_1_, user0_.account_non_expired as account_2_1_, user0_.account_non_locked as account_3_1_, user0_.credentials_non_expired as credenti4_1_, user0_.email as email5_1_, user0_.enabled as enabled6_1_, user0_.lastname as lastname7_1_, user0_.name as name8_1_, user0_.password as password9_1_, user0_.username as usernam10_1_ from user user0_ where user0_.username=?
Hibernate: select roles0_.user_id as user_id1_2_0_, roles0_.roles as roles2_2_0_ from user_roles roles0_ where roles0_.user_id=?
?[1;31m
Start test 26?[0m
Hibernate: select user0_.id as id1_1_, user0_.account_non_expired as account_2_1_, user0_.account_non_locked as account_3_1_, user0_.credentials_non_expired as credenti4_1_, user0_.email as email5_1_, user0_.enabled as enabled6_1_, user0_.lastname as lastname7_1_, user0_.name as name8_1_, user0_.password as password9_1_, user0_.username as usernam10_1_ from user user0_ where user0_.username=?
?[1;31m
Start test 27?[0m
?[1;31m
Start test 28?[0m
?[1;31m
Start test 29?[0m
Hibernate: select user0_.id as id1_1_, user0_.account_non_expired as account_2_1_, user0_.account_non_locked as account_3_1_, user0_.credentials_non_expired as credenti4_1_, user0_.email as email5_1_, user0_.enabled as enabled6_1_, user0_.lastname as lastname7_1_, user0_.name as name8_1_, user0_.password as password9_1_, user0_.username as usernam10_1_ from user user0_ where user0_.username=?
Hibernate: select roles0_.user_id as user_id1_2_0_, roles0_.roles as roles2_2_0_ from user_roles roles0_ where roles0_.user_id=?
?[1;31m
Start test 30?[0m
Hibernate: select user0_.id as id1_1_, user0_.account_non_expired as account_2_1_, user0_.account_non_locked as account_3_1_, user0_.credentials_non_expired as credenti4_1_, user0_.email as email5_1_, user0_.enabled as enabled6_1_, user0_.lastname as lastname7_1_, user0_.name as name8_1_, user0_.password as password9_1_, user0_.username as usernam10_1_ from user user0_ where user0_.username=?
Hibernate: select roles0_.user_id as user_id1_2_0_, roles0_.roles as roles2_2_0_ from user_roles roles0_ where roles0_.user_id=?
?[1;31m
Start test 31?[0m
Hibernate: select user0_.id as id1_1_, user0_.account_non_expired as account_2_1_, user0_.account_non_locked as account_3_1_, user0_.credentials_non_expired as credenti4_1_, user0_.email as email5_1_, user0_.enabled as enabled6_1_, user0_.lastname as lastname7_1_, user0_.name as name8_1_, user0_.password as password9_1_, user0_.username as usernam10_1_ from user user0_ where user0_.username=?
Hibernate: select roles0_.user_id as user_id1_2_0_, roles0_.roles as roles2_2_0_ from user_roles roles0_ where roles0_.user_id=?
Hibernate: select user0_.id as id1_1_, user0_.account_non_expired as account_2_1_, user0_.account_non_locked as account_3_1_, user0_.credentials_non_expired as credenti4_1_, user0_.email as email5_1_, user0_.enabled as enabled6_1_, user0_.lastname as lastname7_1_, user0_.name as name8_1_, user0_.password as password9_1_, user0_.username as usernam10_1_ from user user0_ where user0_.username=?
Hibernate: select roles0_.user_id as user_id1_2_0_, roles0_.roles as roles2_2_0_ from user_roles roles0_ where roles0_.user_id=?
Hibernate: select user0_.id as id1_1_, user0_.account_non_expired as account_2_1_, user0_.account_non_locked as account_3_1_, user0_.credentials_non_expired as credenti4_1_, user0_.email as email5_1_, user0_.enabled as enabled6_1_, user0_.lastname as lastname7_1_, user0_.name as name8_1_, user0_.password as password9_1_, user0_.username as usernam10_1_ from user user0_ where user0_.username=?
Hibernate: select roles0_.user_id as user_id1_2_0_, roles0_.roles as roles2_2_0_ from user_roles roles0_ where roles0_.user_id=?
Hibernate: select user0_.id as id1_1_, user0_.account_non_expired as account_2_1_, user0_.account_non_locked as account_3_1_, user0_.credentials_non_expired as credenti4_1_, user0_.email as email5_1_, user0_.enabled as enabled6_1_, user0_.lastname as lastname7_1_, user0_.name as name8_1_, user0_.password as password9_1_, user0_.username as usernam10_1_ from user user0_ where user0_.username=?
Hibernate: select roles0_.user_id as user_id1_2_0_, roles0_.roles as roles2_2_0_ from user_roles roles0_ where roles0_.user_id=?
Hibernate: select user0_.id as id1_1_, user0_.account_non_expired as account_2_1_, user0_.account_non_locked as account_3_1_, user0_.credentials_non_expired as credenti4_1_, user0_.email as email5_1_, user0_.enabled as enabled6_1_, user0_.lastname as lastname7_1_, user0_.name as name8_1_, user0_.password as password9_1_, user0_.username as usernam10_1_ from user user0_ where user0_.username=?
Hibernate: select roles0_.user_id as user_id1_2_0_, roles0_.roles as roles2_2_0_ from user_roles roles0_ where roles0_.user_id=?
Hibernate: select user0_.id as id1_1_, user0_.account_non_expired as account_2_1_, user0_.account_non_locked as account_3_1_, user0_.credentials_non_expired as credenti4_1_, user0_.email as email5_1_, user0_.enabled as enabled6_1_, user0_.lastname as lastname7_1_, user0_.name as name8_1_, user0_.password as password9_1_, user0_.username as usernam10_1_ from user user0_ where user0_.username=?
Hibernate: select roles0_.user_id as user_id1_2_0_, roles0_.roles as roles2_2_0_ from user_roles roles0_ where roles0_.user_id=?
Hibernate: select user0_.id as id1_1_, user0_.account_non_expired as account_2_1_, user0_.account_non_locked as account_3_1_, user0_.credentials_non_expired as credenti4_1_, user0_.email as email5_1_, user0_.enabled as enabled6_1_, user0_.lastname as lastname7_1_, user0_.name as name8_1_, user0_.password as password9_1_, user0_.username as usernam10_1_ from user user0_ where user0_.username=?
Hibernate: select roles0_.user_id as user_id1_2_0_, roles0_.roles as roles2_2_0_ from user_roles roles0_ where roles0_.user_id=?
Hibernate: select user0_.id as id1_1_, user0_.account_non_expired as account_2_1_, user0_.account_non_locked as account_3_1_, user0_.credentials_non_expired as credenti4_1_, user0_.email as email5_1_, user0_.enabled as enabled6_1_, user0_.lastname as lastname7_1_, user0_.name as name8_1_, user0_.password as password9_1_, user0_.username as usernam10_1_ from user user0_ where user0_.username=?
Hibernate: select roles0_.user_id as user_id1_2_0_, roles0_.roles as roles2_2_0_ from user_roles roles0_ where roles0_.user_id=?
Hibernate: select user0_.id as id1_1_, user0_.account_non_expired as account_2_1_, user0_.account_non_locked as account_3_1_, user0_.credentials_non_expired as credenti4_1_, user0_.email as email5_1_, user0_.enabled as enabled6_1_, user0_.lastname as lastname7_1_, user0_.name as name8_1_, user0_.password as password9_1_, user0_.username as usernam10_1_ from user user0_ where user0_.username=?
Hibernate: select roles0_.user_id as user_id1_2_0_, roles0_.roles as roles2_2_0_ from user_roles roles0_ where roles0_.user_id=?
Hibernate: select user0_.id as id1_1_, user0_.account_non_expired as account_2_1_, user0_.account_non_locked as account_3_1_, user0_.credentials_non_expired as credenti4_1_, user0_.email as email5_1_, user0_.enabled as enabled6_1_, user0_.lastname as lastname7_1_, user0_.name as name8_1_, user0_.password as password9_1_, user0_.username as usernam10_1_ from user user0_ where user0_.username=?
Hibernate: select roles0_.user_id as user_id1_2_0_, roles0_.roles as roles2_2_0_ from user_roles roles0_ where roles0_.user_id=?
Hibernate: select user0_.id as id1_1_, user0_.account_non_expired as account_2_1_, user0_.account_non_locked as account_3_1_, user0_.credentials_non_expired as credenti4_1_, user0_.email as email5_1_, user0_.enabled as enabled6_1_, user0_.lastname as lastname7_1_, user0_.name as name8_1_, user0_.password as password9_1_, user0_.username as usernam10_1_ from user user0_ where user0_.username=?
Hibernate: select roles0_.user_id as user_id1_2_0_, roles0_.roles as roles2_2_0_ from user_roles roles0_ where roles0_.user_id=?
Hibernate: select user0_.id as id1_1_, user0_.account_non_expired as account_2_1_, user0_.account_non_locked as account_3_1_, user0_.credentials_non_expired as credenti4_1_, user0_.email as email5_1_, user0_.enabled as enabled6_1_, user0_.lastname as lastname7_1_, user0_.name as name8_1_, user0_.password as password9_1_, user0_.username as usernam10_1_ from user user0_ where user0_.username=?
Hibernate: select roles0_.user_id as user_id1_2_0_, roles0_.roles as roles2_2_0_ from user_roles roles0_ where roles0_.user_id=?
?[1;31m
Start test 32?[0m
Hibernate: select user0_.id as id1_1_, user0_.account_non_expired as account_2_1_, user0_.account_non_locked as account_3_1_, user0_.credentials_non_expired as credenti4_1_, user0_.email as email5_1_, user0_.enabled as enabled6_1_, user0_.lastname as lastname7_1_, user0_.name as name8_1_, user0_.password as password9_1_, user0_.username as usernam10_1_ from user user0_ where user0_.username=?
Hibernate: select roles0_.user_id as user_id1_2_0_, roles0_.roles as roles2_2_0_ from user_roles roles0_ where roles0_.user_id=?
Hibernate: select user0_.id as id1_1_0_, user0_.account_non_expired as account_2_1_0_, user0_.account_non_locked as account_3_1_0_, user0_.credentials_non_expired as credenti4_1_0_, user0_.email as email5_1_0_, user0_.enabled as enabled6_1_0_, user0_.lastname as lastname7_1_0_, user0_.name as name8_1_0_, user0_.password as password9_1_0_, user0_.username as usernam10_1_0_ from user user0_ where user0_.id=?
Hibernate: select roles0_.user_id as user_id1_2_0_, roles0_.roles as roles2_2_0_ from user_roles roles0_ where roles0_.user_id=?
Hibernate: update user set account_non_expired=?, account_non_locked=?, credentials_non_expired=?, email=?, enabled=?, lastname=?, name=?, password=?, username=? where id=?
?[1;31m
Start test 33?[0m
Hibernate: select user0_.id as id1_1_, user0_.account_non_expired as account_2_1_, user0_.account_non_locked as account_3_1_, user0_.credentials_non_expired as credenti4_1_, user0_.email as email5_1_, user0_.enabled as enabled6_1_, user0_.lastname as lastname7_1_, user0_.name as name8_1_, user0_.password as password9_1_, user0_.username as usernam10_1_ from user user0_ where user0_.username=?
Hibernate: select roles0_.user_id as user_id1_2_0_, roles0_.roles as roles2_2_0_ from user_roles roles0_ where roles0_.user_id=?
?[1;31m
Start test 34?[0m
Hibernate: select user0_.id as id1_1_, user0_.account_non_expired as account_2_1_, user0_.account_non_locked as account_3_1_, user0_.credentials_non_expired as credenti4_1_, user0_.email as email5_1_, user0_.enabled as enabled6_1_, user0_.lastname as lastname7_1_, user0_.name as name8_1_, user0_.password as password9_1_, user0_.username as usernam10_1_ from user user0_ where user0_.username=?
Hibernate: select roles0_.user_id as user_id1_2_0_, roles0_.roles as roles2_2_0_ from user_roles roles0_ where roles0_.user_id=?
Hibernate: select employee0_.id as id1_0_, employee0_.employee as employee2_0_, employee0_.period as period3_0_, employee0_.salary as salary4_0_ from employee employee0_ where employee0_.employee=?
?[1;31m
Start test 35?[0m
2022-08-26 15:03:39.206  INFO 1264 --- [     Thread-336] j.LocalContainerEntityManagerFactoryBean : Closing JPA EntityManagerFactory for persistence unit 'default'
2022-08-26 15:03:39.206  INFO 1264 --- [     Thread-336] o.s.s.concurrent.ThreadPoolTaskExecutor  : Shutting down ExecutorService 'applicationTaskExecutor'
2022-08-26 15:03:39.206  INFO 1264 --- [     Thread-336] com.zaxxer.hikari.HikariDataSource       : HikariPool-1 - Shutdown initiated...
2022-08-26 15:03:39.256  INFO 1264 --- [     Thread-336] com.zaxxer.hikari.HikariDataSource       : HikariPool-1 - Shutdown completed.
 __    __   __          __    __       _______. __  
|  |  |  | |  |        |  |  |  |     /       ||  | 
|  |__|  | |  |        |  |__|  |    |   (----`|  | 
|   __   | |  |        |   __   |     \   \    |  | 
|  |  |  | |  |  __    |  |  |  | .----)   |   |__| 
|__|  |__| |__| (_ )   |__|  |__| |_______/    (__) 
                 |/           
 :: Spring Boot ::                 (v2.3.1.RELEASE)

2022-08-26 15:03:39.400  INFO 1264 --- [    Test worker] account.AccountServiceApplication        : Starting AccountServiceApplication on DESKTOP-5U6L102 with PID 1264 (started by sergdm in C:\java\hyperskill.org\Account Service\Account Service\task)
2022-08-26 15:03:39.400  INFO 1264 --- [    Test worker] account.AccountServiceApplication        : No active profile set, falling back to default profiles: default
2022-08-26 15:03:40.115  INFO 1264 --- [    Test worker] .s.d.r.c.RepositoryConfigurationDelegate : Bootstrapping Spring Data JPA repositories in DEFERRED mode.
2022-08-26 15:03:40.143  INFO 1264 --- [    Test worker] .s.d.r.c.RepositoryConfigurationDelegate : Finished Spring Data repository scanning in 27ms. Found 2 JPA repository interfaces.
2022-08-26 15:03:40.290  INFO 1264 --- [    Test worker] o.s.b.w.embedded.tomcat.TomcatWebServer  : Tomcat initialized with port(s): 28852 (http)
2022-08-26 15:03:40.290  INFO 1264 --- [    Test worker] o.apache.catalina.core.StandardService   : Starting service [Tomcat]
2022-08-26 15:03:40.290  INFO 1264 --- [    Test worker] org.apache.catalina.core.StandardEngine  : Starting Servlet engine: [Apache Tomcat/9.0.36]
2022-08-26 15:03:40.377  INFO 1264 --- [    Test worker] o.a.c.c.C.[Tomcat].[localhost].[/]       : Initializing Spring embedded WebApplicationContext
2022-08-26 15:03:40.377  INFO 1264 --- [    Test worker] w.s.c.ServletWebServerApplicationContext : Root WebApplicationContext: initialization completed in 961 ms
2022-08-26 15:03:40.430  INFO 1264 --- [    Test worker] com.zaxxer.hikari.HikariDataSource       : HikariPool-2 - Starting...
2022-08-26 15:03:40.447  INFO 1264 --- [    Test worker] com.zaxxer.hikari.HikariDataSource       : HikariPool-2 - Start completed.
2022-08-26 15:03:40.447  INFO 1264 --- [    Test worker] o.s.b.a.h2.H2ConsoleAutoConfiguration    : H2 console available at '/h2-console'. Database available at 'jdbc:h2:file:~/account_db'
2022-08-26 15:03:40.504  INFO 1264 --- [    Test worker] o.s.s.concurrent.ThreadPoolTaskExecutor  : Initializing ExecutorService 'applicationTaskExecutor'
2022-08-26 15:03:40.515  INFO 1264 --- [         task-1] o.hibernate.jpa.internal.util.LogHelper  : HHH000204: Processing PersistenceUnitInfo [name: default]
2022-08-26 15:03:40.534  INFO 1264 --- [         task-1] org.hibernate.dialect.Dialect            : HHH000400: Using dialect: org.hibernate.dialect.H2Dialect
2022-08-26 15:03:40.626  WARN 1264 --- [    Test worker] JpaBaseConfiguration$JpaWebConfiguration : spring.jpa.open-in-view is enabled by default. Therefore, database queries may be performed during view rendering. Explicitly configure spring.jpa.open-in-view to disable this warning
2022-08-26 15:03:40.713  INFO 1264 --- [         task-1] o.h.e.t.j.p.i.JtaPlatformInitiator       : HHH000490: Using JtaPlatform implementation: [org.hibernate.engine.transaction.jta.platform.internal.NoJtaPlatform]
2022-08-26 15:03:40.713  INFO 1264 --- [         task-1] j.LocalContainerEntityManagerFactoryBean : Initialized JPA EntityManagerFactory for persistence unit 'default'
2022-08-26 15:03:40.732  INFO 1264 --- [    Test worker] o.s.s.web.DefaultSecurityFilterChain     : Creating filter chain: any request, [org.springframework.security.web.context.request.async.WebAsyncManagerIntegrationFilter@3a00237d, org.springframework.security.web.context.SecurityContextPersistenceFilter@46c475ba, org.springframework.security.web.header.HeaderWriterFilter@2059c3ff, org.springframework.security.web.authentication.logout.LogoutFilter@7fdf7359, org.springframework.security.web.authentication.www.BasicAuthenticationFilter@4a36a35d, org.springframework.security.web.savedrequest.RequestCacheAwareFilter@e47637c, org.springframework.security.web.servletapi.SecurityContextHolderAwareRequestFilter@606f0f70, org.springframework.security.web.authentication.AnonymousAuthenticationFilter@bc88295, org.springframework.security.web.session.SessionManagementFilter@2f8ab988, org.springframework.security.web.access.ExceptionTranslationFilter@60251ddb, org.springframework.security.web.access.intercept.FilterSecurityInterceptor@10cb5047]
2022-08-26 15:03:40.972  INFO 1264 --- [    Test worker] o.s.b.a.e.web.EndpointLinksResolver      : Exposing 14 endpoint(s) beneath base path '/actuator'
2022-08-26 15:03:41.007  INFO 1264 --- [    Test worker] o.s.b.w.embedded.tomcat.TomcatWebServer  : Tomcat started on port(s): 28852 (http) with context path ''
2022-08-26 15:03:41.007  INFO 1264 --- [    Test worker] DeferredRepositoryInitializationListener : Triggering deferred initialization of Spring Data repositoriesâ€¦
2022-08-26 15:03:41.087  INFO 1264 --- [    Test worker] DeferredRepositoryInitializationListener : Spring Data repositories initialized!
2022-08-26 15:03:41.097  INFO 1264 --- [    Test worker] account.AccountServiceApplication        : Started AccountServiceApplication in 1.747 seconds (JVM running for 17.933)
?[1;31m
Start test 36?[0m
2022-08-26 15:03:41.097  INFO 1264 --- [io-28852-exec-1] o.a.c.c.C.[Tomcat].[localhost].[/]       : Initializing Spring DispatcherServlet 'dispatcherServlet'
2022-08-26 15:03:41.097  INFO 1264 --- [io-28852-exec-1] o.s.web.servlet.DispatcherServlet        : Initializing Servlet 'dispatcherServlet'
2022-08-26 15:03:41.107  INFO 1264 --- [io-28852-exec-1] o.s.web.servlet.DispatcherServlet        : Completed initialization in 10 ms
Hibernate: select user0_.id as id1_1_, user0_.account_non_expired as account_2_1_, user0_.account_non_locked as account_3_1_, user0_.credentials_non_expired as credenti4_1_, user0_.email as email5_1_, user0_.enabled as enabled6_1_, user0_.lastname as lastname7_1_, user0_.name as name8_1_, user0_.password as password9_1_, user0_.username as usernam10_1_ from user user0_ where user0_.username=?
Hibernate: select roles0_.user_id as user_id1_2_0_, roles0_.roles as roles2_2_0_ from user_roles roles0_ where roles0_.user_id=?
Hibernate: select employee0_.id as id1_0_, employee0_.employee as employee2_0_, employee0_.period as period3_0_, employee0_.salary as salary4_0_ from employee employee0_ where employee0_.employee=?
?[1;31m
Start test 37?[0m
Hibernate: insert into employee (id, employee, period, salary) values (null, ?, ?, ?)
Hibernate: insert into employee (id, employee, period, salary) values (null, ?, ?, ?)
Hibernate: insert into employee (id, employee, period, salary) values (null, ?, ?, ?)
Hibernate: insert into employee (id, employee, period, salary) values (null, ?, ?, ?)
Hibernate: insert into employee (id, employee, period, salary) values (null, ?, ?, ?)
Hibernate: insert into employee (id, employee, period, salary) values (null, ?, ?, ?)
?[1;31m
Start test 38?[0m
Hibernate: select user0_.id as id1_1_, user0_.account_non_expired as account_2_1_, user0_.account_non_locked as account_3_1_, user0_.credentials_non_expired as credenti4_1_, user0_.email as email5_1_, user0_.enabled as enabled6_1_, user0_.lastname as lastname7_1_, user0_.name as name8_1_, user0_.password as password9_1_, user0_.username as usernam10_1_ from user user0_ where user0_.username=?
Hibernate: select roles0_.user_id as user_id1_2_0_, roles0_.roles as roles2_2_0_ from user_roles roles0_ where roles0_.user_id=?
Hibernate: select employee0_.id as id1_0_, employee0_.employee as employee2_0_, employee0_.period as period3_0_, employee0_.salary as salary4_0_ from employee employee0_ where employee0_.employee=?
?[1;31m
Start test 39?[0m
?[1;31m
Start test 40?[0m
Hibernate: select user0_.id as id1_1_, user0_.account_non_expired as account_2_1_, user0_.account_non_locked as account_3_1_, user0_.credentials_non_expired as credenti4_1_, user0_.email as email5_1_, user0_.enabled as enabled6_1_, user0_.lastname as lastname7_1_, user0_.name as name8_1_, user0_.password as password9_1_, user0_.username as usernam10_1_ from user user0_ where user0_.username=?
Hibernate: select roles0_.user_id as user_id1_2_0_, roles0_.roles as roles2_2_0_ from user_roles roles0_ where roles0_.user_id=?
Hibernate: select employee0_.id as id1_0_, employee0_.employee as employee2_0_, employee0_.period as period3_0_, employee0_.salary as salary4_0_ from employee employee0_ where employee0_.employee=?
?[1;31m
Start test 41?[0m
?[1;31m
Start test 42?[0m
Hibernate: select user0_.id as id1_1_, user0_.account_non_expired as account_2_1_, user0_.account_non_locked as account_3_1_, user0_.credentials_non_expired as credenti4_1_, user0_.email as email5_1_, user0_.enabled as enabled6_1_, user0_.lastname as lastname7_1_, user0_.name as name8_1_, user0_.password as password9_1_, user0_.username as usernam10_1_ from user user0_ where user0_.username=?
Hibernate: select roles0_.user_id as user_id1_2_0_, roles0_.roles as roles2_2_0_ from user_roles roles0_ where roles0_.user_id=?
Hibernate: select employee0_.id as id1_0_, employee0_.employee as employee2_0_, employee0_.period as period3_0_, employee0_.salary as salary4_0_ from employee employee0_ where employee0_.employee=?
?[1;31m
Start test 43?[0m
?[1;31m
Start test 44?[0m
Hibernate: select user0_.id as id1_1_, user0_.account_non_expired as account_2_1_, user0_.account_non_locked as account_3_1_, user0_.credentials_non_expired as credenti4_1_, user0_.email as email5_1_, user0_.enabled as enabled6_1_, user0_.lastname as lastname7_1_, user0_.name as name8_1_, user0_.password as password9_1_, user0_.username as usernam10_1_ from user user0_ where user0_.username=?
Hibernate: select roles0_.user_id as user_id1_2_0_, roles0_.roles as roles2_2_0_ from user_roles roles0_ where roles0_.user_id=?
Hibernate: select employee0_.id as id1_0_, employee0_.employee as employee2_0_, employee0_.period as period3_0_, employee0_.salary as salary4_0_ from employee employee0_ where employee0_.employee=?
?[1;31m
Start test 45?[0m
?[1;31m
Start test 46?[0m
?[1;31m
Start test 47?[0m
Hibernate: select employee0_.id as id1_0_, employee0_.employee as employee2_0_, employee0_.period as period3_0_, employee0_.salary as salary4_0_ from employee employee0_ where employee0_.employee=?
Hibernate: update employee set employee=?, period=?, salary=? where id=?
?[1;31m
Start test 48?[0m
Hibernate: select user0_.id as id1_1_, user0_.account_non_expired as account_2_1_, user0_.account_non_locked as account_3_1_, user0_.credentials_non_expired as credenti4_1_, user0_.email as email5_1_, user0_.enabled as enabled6_1_, user0_.lastname as lastname7_1_, user0_.name as name8_1_, user0_.password as password9_1_, user0_.username as usernam10_1_ from user user0_ where user0_.username=?
Hibernate: select roles0_.user_id as user_id1_2_0_, roles0_.roles as roles2_2_0_ from user_roles roles0_ where roles0_.user_id=?
Hibernate: select employee0_.id as id1_0_, employee0_.employee as employee2_0_, employee0_.period as period3_0_, employee0_.salary as salary4_0_ from employee employee0_ where employee0_.employee=?
?[1;31m
Start test 49?[0m
Hibernate: select user0_.id as id1_1_, user0_.account_non_expired as account_2_1_, user0_.account_non_locked as account_3_1_, user0_.credentials_non_expired as credenti4_1_, user0_.email as email5_1_, user0_.enabled as enabled6_1_, user0_.lastname as lastname7_1_, user0_.name as name8_1_, user0_.password as password9_1_, user0_.username as usernam10_1_ from user user0_ where user0_.username=?
Hibernate: select roles0_.user_id as user_id1_2_0_, roles0_.roles as roles2_2_0_ from user_roles roles0_ where roles0_.user_id=?
Hibernate: select employee0_.id as id1_0_, employee0_.employee as employee2_0_, employee0_.period as period3_0_, employee0_.salary as salary4_0_ from employee employee0_ where employee0_.employee=?
?[1;31m
Start test 50?[0m
Hibernate: select employee0_.id as id1_0_, employee0_.employee as employee2_0_, employee0_.period as period3_0_, employee0_.salary as salary4_0_ from employee employee0_ where employee0_.employee=?
Hibernate: update employee set employee=?, period=?, salary=? where id=?
?[1;31m
Start test 51?[0m
Hibernate: select user0_.id as id1_1_, user0_.account_non_expired as account_2_1_, user0_.account_non_locked as account_3_1_, user0_.credentials_non_expired as credenti4_1_, user0_.email as email5_1_, user0_.enabled as enabled6_1_, user0_.lastname as lastname7_1_, user0_.name as name8_1_, user0_.password as password9_1_, user0_.username as usernam10_1_ from user user0_ where user0_.username=?
Hibernate: select roles0_.user_id as user_id1_2_0_, roles0_.roles as roles2_2_0_ from user_roles roles0_ where roles0_.user_id=?
Hibernate: select employee0_.id as id1_0_, employee0_.employee as employee2_0_, employee0_.period as period3_0_, employee0_.salary as salary4_0_ from employee employee0_ where employee0_.employee=?
?[1;31m
Start test 52?[0m
Hibernate: select user0_.id as id1_1_, user0_.account_non_expired as account_2_1_, user0_.account_non_locked as account_3_1_, user0_.credentials_non_expired as credenti4_1_, user0_.email as email5_1_, user0_.enabled as enabled6_1_, user0_.lastname as lastname7_1_, user0_.name as name8_1_, user0_.password as password9_1_, user0_.username as usernam10_1_ from user user0_ where user0_.username=?
Hibernate: select roles0_.user_id as user_id1_2_0_, roles0_.roles as roles2_2_0_ from user_roles roles0_ where roles0_.user_id=?
Hibernate: select employee0_.id as id1_0_, employee0_.employee as employee2_0_, employee0_.period as period3_0_, employee0_.salary as salary4_0_ from employee employee0_ where employee0_.employee=?
?[1;31m
Start test 53?[0m
Hibernate: select user0_.id as id1_1_, user0_.account_non_expired as account_2_1_, user0_.account_non_locked as account_3_1_, user0_.credentials_non_expired as credenti4_1_, user0_.email as email5_1_, user0_.enabled as enabled6_1_, user0_.lastname as lastname7_1_, user0_.name as name8_1_, user0_.password as password9_1_, user0_.username as usernam10_1_ from user user0_ where user0_.username=?
Hibernate: select roles0_.user_id as user_id1_2_0_, roles0_.roles as roles2_2_0_ from user_roles roles0_ where roles0_.user_id=?
Hibernate: select employee0_.id as id1_0_, employee0_.employee as employee2_0_, employee0_.period as period3_0_, employee0_.salary as salary4_0_ from employee employee0_ where employee0_.employee=?
]]></system-out>
  <system-err><![CDATA[]]></system-err>
</testsuite>
