<?xml version="1.0" encoding="UTF-8"?>
<testsuite name="AccountServiceTest" tests="1" skipped="0" failures="1" errors="0" timestamp="2022-08-26T11:11:42" hostname="DESKTOP-5U6L102" time="8.881">
  <properties/>
  <testcase name="start" classname="AccountServiceTest" time="8.881">
    <failure message="java.lang.AssertionError: Wrong answer in test #12&#10;&#10;POST /api/auth/signup should respond with status code 200, responded: 400&#10;&#10;Response body:&#10;{&#13;&#10;  &quot;status&quot; : 400,&#13;&#10;  &quot;timestamp&quot; : &quot;2022-08-26T15:11:50.9033304&quot;,&#13;&#10;  &quot;message&quot; : &quot;User exist!&quot;,&#13;&#10;  &quot;error&quot; : &quot;Bad Request&quot;,&#13;&#10;  &quot;path&quot; : &quot;/api/auth/signup&quot;&#13;&#10;}&#10;&#10;Please find below the output of your program during this failed test.&#10;&#10;---&#10;&#10;__    __   __          __    __       _______. __  &#10;|  |  |  | |  |        |  |  |  |     /       ||  | &#10;|  |__|  | |  |        |  |__|  |    |   (----`|  | &#10;|   __   | |  |        |   __   |     \   \    |  | &#10;|  |  |  | |  |  __    |  |  |  | .----)   |   |__| &#10;|__|  |__| |__| (_ )   |__|  |__| |_______/    (__) &#10;                 |/           &#10; :: Spring Boot ::                 (v2.3.1.RELEASE)&#10;&#10;2022-08-26 15:11:43.122  INFO 7912 --- [    Test worker] account.AccountServiceApplication        : Starting AccountServiceApplication on DESKTOP-5U6L102 with PID 7912 (started by sergdm in C:\java\hyperskill.org\Account Service\Account Service\task)&#10;2022-08-26 15:11:43.126  INFO 7912 --- [    Test worker] account.AccountServiceApplication        : No active profile set, falling back to default profiles: default&#10;2022-08-26 15:11:44.670  INFO 7912 --- [    Test worker] .s.d.r.c.RepositoryConfigurationDelegate : Bootstrapping Spring Data JPA repositories in DEFERRED mode.&#10;2022-08-26 15:11:44.780  INFO 7912 --- [    Test worker] .s.d.r.c.RepositoryConfigurationDelegate : Finished Spring Data repository scanning in 97ms. Found 2 JPA repository interfaces.&#10;2022-08-26 15:11:45.746  INFO 7912 --- [    Test worker] o.s.b.w.embedded.tomcat.TomcatWebServer  : Tomcat initialized with port(s): 28852 (http)&#10;2022-08-26 15:11:45.756  INFO 7912 --- [    Test worker] o.apache.catalina.core.StandardService   : Starting service [Tomcat]&#10;2022-08-26 15:11:45.766  INFO 7912 --- [    Test worker] org.apache.catalina.core.StandardEngine  : Starting Servlet engine: [Apache Tomcat/9.0.36]&#10;2022-08-26 15:11:45.957  INFO 7912 --- [    Test worker] o.a.c.c.C.[Tomcat].[localhost].[/]       : Initializing Spring embedded WebApplicationContext&#10;2022-08-26 15:11:45.957  INFO 7912 --- [    Test worker] w.s.c.ServletWebServerApplicationContext : Root WebApplicationContext: initialization completed in 2751 ms&#10;2022-08-26 15:11:46.140  INFO 7912 --- [    Test worker] com.zaxxer.hikari.HikariDataSource       : HikariPool-1 - Starting...&#10;2022-08-26 15:11:46.467  INFO 7912 --- [    Test worker] com.zaxxer.hikari.HikariDataSource       : HikariPool-1 - Start completed.&#10;2022-08-26 15:11:46.487  INFO 7912 --- [    Test worker] o.s.b.a.h2.H2ConsoleAutoConfiguration    : H2 console available at '/h2-console'. Database available at 'jdbc:h2:file:~/account_db'&#10;2022-08-26 15:11:46.703  INFO 7912 --- [    Test worker] o.s.s.concurrent.ThreadPoolTaskExecutor  : Initializing ExecutorService 'applicationTaskExecutor'&#10;2022-08-26 15:11:46.799  INFO 7912 --- [         task-1] o.hibernate.jpa.internal.util.LogHelper  : HHH000204: Processing PersistenceUnitInfo [name: default]&#10;2022-08-26 15:11:46.824  WARN 7912 --- [    Test worker] JpaBaseConfiguration$JpaWebConfiguration : spring.jpa.open-in-view is enabled by default. Therefore, database queries may be performed during view rendering. Explicitly configure spring.jpa.open-in-view to disable this warning&#10;2022-08-26 15:11:46.928  INFO 7912 --- [         task-1] org.hibernate.Version                    : HHH000412: Hibernate ORM core version 5.4.17.Final&#10;2022-08-26 15:11:47.169  INFO 7912 --- [    Test worker] o.s.s.web.DefaultSecurityFilterChain     : Creating filter chain: any request, [org.springframework.security.web.context.request.async.WebAsyncManagerIntegrationFilter@3a6556b6, org.springframework.security.web.context.SecurityContextPersistenceFilter@5368e981, org.springframework.security.web.header.HeaderWriterFilter@271e851e, org.springframework.security.web.authentication.logout.LogoutFilter@1c18ee69, org.springframework.security.web.authentication.www.BasicAuthenticationFilter@7440265c, org.springframework.security.web.savedrequest.RequestCacheAwareFilter@79b7c350, org.springframework.security.web.servletapi.SecurityContextHolderAwareRequestFilter@2d07aacc, org.springframework.security.web.authentication.AnonymousAuthenticationFilter@63bca84d, org.springframework.security.web.session.SessionManagementFilter@6851b296, org.springframework.security.web.access.ExceptionTranslationFilter@54275b5d, org.springframework.security.web.access.intercept.FilterSecurityInterceptor@26f75d9c]&#10;2022-08-26 15:11:47.215  INFO 7912 --- [         task-1] o.hibernate.annotations.common.Version   : HCANN000001: Hibernate Commons Annotations {5.1.0.Final}&#10;2022-08-26 15:11:47.503  INFO 7912 --- [         task-1] org.hibernate.dialect.Dialect            : HHH000400: Using dialect: org.hibernate.dialect.H2Dialect&#10;2022-08-26 15:11:48.842  INFO 7912 --- [         task-1] o.h.e.t.j.p.i.JtaPlatformInitiator       : HHH000490: Using JtaPlatform implementation: [org.hibernate.engine.transaction.jta.platform.internal.NoJtaPlatform]&#10;2022-08-26 15:11:48.852  INFO 7912 --- [         task-1] j.LocalContainerEntityManagerFactoryBean : Initialized JPA EntityManagerFactory for persistence unit 'default'&#10;2022-08-26 15:11:48.941  INFO 7912 --- [    Test worker] o.s.b.a.e.web.EndpointLinksResolver      : Exposing 14 endpoint(s) beneath base path '/actuator'&#10;2022-08-26 15:11:49.011  INFO 7912 --- [    Test worker] o.s.b.w.embedded.tomcat.TomcatWebServer  : Tomcat started on port(s): 28852 (http) with context path ''&#10;2022-08-26 15:11:49.021  INFO 7912 --- [    Test worker] DeferredRepositoryInitializationListener : Triggering deferred initialization of Spring Data repositoriesâ€¦&#10;2022-08-26 15:11:49.533  INFO 7912 --- [    Test worker] DeferredRepositoryInitializationListener : Spring Data repositories initialized!&#10;2022-08-26 15:11:49.543  INFO 7912 --- [    Test worker] account.AccountServiceApplication        : Started AccountServiceApplication in 6.922 seconds (JVM running for 8.304)&#10;2022-08-26 15:11:49.985  INFO 7912 --- [io-28852-exec-1] o.a.c.c.C.[Tomcat].[localhost].[/]       : Initializing Spring DispatcherServlet 'dispatcherServlet'&#10;2022-08-26 15:11:49.985  INFO 7912 --- [io-28852-exec-1] o.s.web.servlet.DispatcherServlet        : Initializing Servlet 'dispatcherServlet'&#10;2022-08-26 15:11:49.997  INFO 7912 --- [io-28852-exec-1] o.s.web.servlet.DispatcherServlet        : Completed initialization in 12 ms&#10;Hibernate: select user0_.id as id1_1_, user0_.account_non_expired as account_2_1_, user0_.account_non_locked as account_3_1_, user0_.credentials_non_expired as credenti4_1_, user0_.email as email5_1_, user0_.enabled as enabled6_1_, user0_.lastname as lastname7_1_, user0_.name as name8_1_, user0_.password as password9_1_, user0_.username as usernam10_1_ from user user0_ where user0_.username=?&#10;Hibernate: select roles0_.user_id as user_id1_2_0_, roles0_.roles as roles2_2_0_ from user_roles roles0_ where roles0_.user_id=?" type="java.lang.AssertionError">java.lang.AssertionError: Wrong answer in test #12

POST /api/auth/signup should respond with status code 200, responded: 400

Response body:
{
  &quot;status&quot; : 400,
  &quot;timestamp&quot; : &quot;2022-08-26T15:11:50.9033304&quot;,
  &quot;message&quot; : &quot;User exist!&quot;,
  &quot;error&quot; : &quot;Bad Request&quot;,
  &quot;path&quot; : &quot;/api/auth/signup&quot;
}

Please find below the output of your program during this failed test.

---

__    __   __          __    __       _______. __  
|  |  |  | |  |        |  |  |  |     /       ||  | 
|  |__|  | |  |        |  |__|  |    |   (----`|  | 
|   __   | |  |        |   __   |     \   \    |  | 
|  |  |  | |  |  __    |  |  |  | .----)   |   |__| 
|__|  |__| |__| (_ )   |__|  |__| |_______/    (__) 
                 |/           
 :: Spring Boot ::                 (v2.3.1.RELEASE)

2022-08-26 15:11:43.122  INFO 7912 --- [    Test worker] account.AccountServiceApplication        : Starting AccountServiceApplication on DESKTOP-5U6L102 with PID 7912 (started by sergdm in C:\java\hyperskill.org\Account Service\Account Service\task)
2022-08-26 15:11:43.126  INFO 7912 --- [    Test worker] account.AccountServiceApplication        : No active profile set, falling back to default profiles: default
2022-08-26 15:11:44.670  INFO 7912 --- [    Test worker] .s.d.r.c.RepositoryConfigurationDelegate : Bootstrapping Spring Data JPA repositories in DEFERRED mode.
2022-08-26 15:11:44.780  INFO 7912 --- [    Test worker] .s.d.r.c.RepositoryConfigurationDelegate : Finished Spring Data repository scanning in 97ms. Found 2 JPA repository interfaces.
2022-08-26 15:11:45.746  INFO 7912 --- [    Test worker] o.s.b.w.embedded.tomcat.TomcatWebServer  : Tomcat initialized with port(s): 28852 (http)
2022-08-26 15:11:45.756  INFO 7912 --- [    Test worker] o.apache.catalina.core.StandardService   : Starting service [Tomcat]
2022-08-26 15:11:45.766  INFO 7912 --- [    Test worker] org.apache.catalina.core.StandardEngine  : Starting Servlet engine: [Apache Tomcat/9.0.36]
2022-08-26 15:11:45.957  INFO 7912 --- [    Test worker] o.a.c.c.C.[Tomcat].[localhost].[/]       : Initializing Spring embedded WebApplicationContext
2022-08-26 15:11:45.957  INFO 7912 --- [    Test worker] w.s.c.ServletWebServerApplicationContext : Root WebApplicationContext: initialization completed in 2751 ms
2022-08-26 15:11:46.140  INFO 7912 --- [    Test worker] com.zaxxer.hikari.HikariDataSource       : HikariPool-1 - Starting...
2022-08-26 15:11:46.467  INFO 7912 --- [    Test worker] com.zaxxer.hikari.HikariDataSource       : HikariPool-1 - Start completed.
2022-08-26 15:11:46.487  INFO 7912 --- [    Test worker] o.s.b.a.h2.H2ConsoleAutoConfiguration    : H2 console available at '/h2-console'. Database available at 'jdbc:h2:file:~/account_db'
2022-08-26 15:11:46.703  INFO 7912 --- [    Test worker] o.s.s.concurrent.ThreadPoolTaskExecutor  : Initializing ExecutorService 'applicationTaskExecutor'
2022-08-26 15:11:46.799  INFO 7912 --- [         task-1] o.hibernate.jpa.internal.util.LogHelper  : HHH000204: Processing PersistenceUnitInfo [name: default]
2022-08-26 15:11:46.824  WARN 7912 --- [    Test worker] JpaBaseConfiguration$JpaWebConfiguration : spring.jpa.open-in-view is enabled by default. Therefore, database queries may be performed during view rendering. Explicitly configure spring.jpa.open-in-view to disable this warning
2022-08-26 15:11:46.928  INFO 7912 --- [         task-1] org.hibernate.Version                    : HHH000412: Hibernate ORM core version 5.4.17.Final
2022-08-26 15:11:47.169  INFO 7912 --- [    Test worker] o.s.s.web.DefaultSecurityFilterChain     : Creating filter chain: any request, [org.springframework.security.web.context.request.async.WebAsyncManagerIntegrationFilter@3a6556b6, org.springframework.security.web.context.SecurityContextPersistenceFilter@5368e981, org.springframework.security.web.header.HeaderWriterFilter@271e851e, org.springframework.security.web.authentication.logout.LogoutFilter@1c18ee69, org.springframework.security.web.authentication.www.BasicAuthenticationFilter@7440265c, org.springframework.security.web.savedrequest.RequestCacheAwareFilter@79b7c350, org.springframework.security.web.servletapi.SecurityContextHolderAwareRequestFilter@2d07aacc, org.springframework.security.web.authentication.AnonymousAuthenticationFilter@63bca84d, org.springframework.security.web.session.SessionManagementFilter@6851b296, org.springframework.security.web.access.ExceptionTranslationFilter@54275b5d, org.springframework.security.web.access.intercept.FilterSecurityInterceptor@26f75d9c]
2022-08-26 15:11:47.215  INFO 7912 --- [         task-1] o.hibernate.annotations.common.Version   : HCANN000001: Hibernate Commons Annotations {5.1.0.Final}
2022-08-26 15:11:47.503  INFO 7912 --- [         task-1] org.hibernate.dialect.Dialect            : HHH000400: Using dialect: org.hibernate.dialect.H2Dialect
2022-08-26 15:11:48.842  INFO 7912 --- [         task-1] o.h.e.t.j.p.i.JtaPlatformInitiator       : HHH000490: Using JtaPlatform implementation: [org.hibernate.engine.transaction.jta.platform.internal.NoJtaPlatform]
2022-08-26 15:11:48.852  INFO 7912 --- [         task-1] j.LocalContainerEntityManagerFactoryBean : Initialized JPA EntityManagerFactory for persistence unit 'default'
2022-08-26 15:11:48.941  INFO 7912 --- [    Test worker] o.s.b.a.e.web.EndpointLinksResolver      : Exposing 14 endpoint(s) beneath base path '/actuator'
2022-08-26 15:11:49.011  INFO 7912 --- [    Test worker] o.s.b.w.embedded.tomcat.TomcatWebServer  : Tomcat started on port(s): 28852 (http) with context path ''
2022-08-26 15:11:49.021  INFO 7912 --- [    Test worker] DeferredRepositoryInitializationListener : Triggering deferred initialization of Spring Data repositoriesâ€¦
2022-08-26 15:11:49.533  INFO 7912 --- [    Test worker] DeferredRepositoryInitializationListener : Spring Data repositories initialized!
2022-08-26 15:11:49.543  INFO 7912 --- [    Test worker] account.AccountServiceApplication        : Started AccountServiceApplication in 6.922 seconds (JVM running for 8.304)
2022-08-26 15:11:49.985  INFO 7912 --- [io-28852-exec-1] o.a.c.c.C.[Tomcat].[localhost].[/]       : Initializing Spring DispatcherServlet 'dispatcherServlet'
2022-08-26 15:11:49.985  INFO 7912 --- [io-28852-exec-1] o.s.web.servlet.DispatcherServlet        : Initializing Servlet 'dispatcherServlet'
2022-08-26 15:11:49.997  INFO 7912 --- [io-28852-exec-1] o.s.web.servlet.DispatcherServlet        : Completed initialization in 12 ms
Hibernate: select user0_.id as id1_1_, user0_.account_non_expired as account_2_1_, user0_.account_non_locked as account_3_1_, user0_.credentials_non_expired as credenti4_1_, user0_.email as email5_1_, user0_.enabled as enabled6_1_, user0_.lastname as lastname7_1_, user0_.name as name8_1_, user0_.password as password9_1_, user0_.username as usernam10_1_ from user user0_ where user0_.username=?
Hibernate: select roles0_.user_id as user_id1_2_0_, roles0_.roles as roles2_2_0_ from user_roles roles0_ where roles0_.user_id=?
	at org.junit.Assert.fail(Assert.java:89)
	at org.hyperskill.hstest.stage.StageTest.start(StageTest.java:155)
	at java.base/jdk.internal.reflect.NativeMethodAccessorImpl.invoke0(Native Method)
	at java.base/jdk.internal.reflect.NativeMethodAccessorImpl.invoke(NativeMethodAccessorImpl.java:77)
	at java.base/jdk.internal.reflect.DelegatingMethodAccessorImpl.invoke(DelegatingMethodAccessorImpl.java:43)
	at java.base/java.lang.reflect.Method.invoke(Method.java:568)
	at org.junit.runners.model.FrameworkMethod$1.runReflectiveCall(FrameworkMethod.java:59)
	at org.junit.internal.runners.model.ReflectiveCallable.run(ReflectiveCallable.java:12)
	at org.junit.runners.model.FrameworkMethod.invokeExplosively(FrameworkMethod.java:56)
	at org.junit.internal.runners.statements.InvokeMethod.evaluate(InvokeMethod.java:17)
	at org.junit.internal.runners.statements.RunAfters.evaluate(RunAfters.java:27)
	at org.junit.runners.ParentRunner$3.evaluate(ParentRunner.java:306)
	at org.junit.runners.BlockJUnit4ClassRunner$1.evaluate(BlockJUnit4ClassRunner.java:100)
	at org.junit.runners.ParentRunner.runLeaf(ParentRunner.java:366)
	at org.junit.runners.BlockJUnit4ClassRunner.runChild(BlockJUnit4ClassRunner.java:103)
	at org.junit.runners.BlockJUnit4ClassRunner.runChild(BlockJUnit4ClassRunner.java:63)
	at org.junit.runners.ParentRunner$4.run(ParentRunner.java:331)
	at org.junit.runners.ParentRunner$1.schedule(ParentRunner.java:79)
	at org.junit.runners.ParentRunner.runChildren(ParentRunner.java:329)
	at org.junit.runners.ParentRunner.access$100(ParentRunner.java:66)
	at org.junit.runners.ParentRunner$2.evaluate(ParentRunner.java:293)
	at org.junit.runners.ParentRunner$3.evaluate(ParentRunner.java:306)
	at org.junit.runners.ParentRunner.run(ParentRunner.java:413)
	at org.gradle.api.internal.tasks.testing.junit.JUnitTestClassExecutor.runTestClass(JUnitTestClassExecutor.java:110)
	at org.gradle.api.internal.tasks.testing.junit.JUnitTestClassExecutor.execute(JUnitTestClassExecutor.java:58)
	at org.gradle.api.internal.tasks.testing.junit.JUnitTestClassExecutor.execute(JUnitTestClassExecutor.java:38)
	at org.gradle.api.internal.tasks.testing.junit.AbstractJUnitTestClassProcessor.processTestClass(AbstractJUnitTestClassProcessor.java:62)
	at org.gradle.api.internal.tasks.testing.SuiteTestClassProcessor.processTestClass(SuiteTestClassProcessor.java:51)
	at java.base/jdk.internal.reflect.NativeMethodAccessorImpl.invoke0(Native Method)
	at java.base/jdk.internal.reflect.NativeMethodAccessorImpl.invoke(NativeMethodAccessorImpl.java:77)
	at java.base/jdk.internal.reflect.DelegatingMethodAccessorImpl.invoke(DelegatingMethodAccessorImpl.java:43)
	at java.base/java.lang.reflect.Method.invoke(Method.java:568)
	at org.gradle.internal.dispatch.ReflectionDispatch.dispatch(ReflectionDispatch.java:36)
	at org.gradle.internal.dispatch.ReflectionDispatch.dispatch(ReflectionDispatch.java:24)
	at org.gradle.internal.dispatch.ContextClassLoaderDispatch.dispatch(ContextClassLoaderDispatch.java:33)
	at org.gradle.internal.dispatch.ProxyDispatchAdapter$DispatchingInvocationHandler.invoke(ProxyDispatchAdapter.java:94)
	at jdk.proxy1/jdk.proxy1.$Proxy2.processTestClass(Unknown Source)
	at org.gradle.api.internal.tasks.testing.worker.TestWorker$2.run(TestWorker.java:176)
	at org.gradle.api.internal.tasks.testing.worker.TestWorker.executeAndMaintainThreadName(TestWorker.java:129)
	at org.gradle.api.internal.tasks.testing.worker.TestWorker.execute(TestWorker.java:100)
	at org.gradle.api.internal.tasks.testing.worker.TestWorker.execute(TestWorker.java:60)
	at org.gradle.process.internal.worker.child.ActionExecutionWorker.execute(ActionExecutionWorker.java:56)
	at org.gradle.process.internal.worker.child.SystemApplicationClassLoaderWorker.call(SystemApplicationClassLoaderWorker.java:133)
	at org.gradle.process.internal.worker.child.SystemApplicationClassLoaderWorker.call(SystemApplicationClassLoaderWorker.java:71)
	at worker.org.gradle.process.internal.worker.GradleWorkerMain.run(GradleWorkerMain.java:69)
	at worker.org.gradle.process.internal.worker.GradleWorkerMain.main(GradleWorkerMain.java:74)
</failure>
  </testcase>
  <system-out><![CDATA[?[1;31m
Start test 1?[0m
 __    __   __          __    __       _______. __  
|  |  |  | |  |        |  |  |  |     /       ||  | 
|  |__|  | |  |        |  |__|  |    |   (----`|  | 
|   __   | |  |        |   __   |     \   \    |  | 
|  |  |  | |  |  __    |  |  |  | .----)   |   |__| 
|__|  |__| |__| (_ )   |__|  |__| |_______/    (__) 
                 |/           
 :: Spring Boot ::                 (v2.3.1.RELEASE)

2022-08-26 15:11:43.122  INFO 7912 --- [    Test worker] account.AccountServiceApplication        : Starting AccountServiceApplication on DESKTOP-5U6L102 with PID 7912 (started by sergdm in C:\java\hyperskill.org\Account Service\Account Service\task)
2022-08-26 15:11:43.126  INFO 7912 --- [    Test worker] account.AccountServiceApplication        : No active profile set, falling back to default profiles: default
2022-08-26 15:11:44.670  INFO 7912 --- [    Test worker] .s.d.r.c.RepositoryConfigurationDelegate : Bootstrapping Spring Data JPA repositories in DEFERRED mode.
2022-08-26 15:11:44.780  INFO 7912 --- [    Test worker] .s.d.r.c.RepositoryConfigurationDelegate : Finished Spring Data repository scanning in 97ms. Found 2 JPA repository interfaces.
2022-08-26 15:11:45.746  INFO 7912 --- [    Test worker] o.s.b.w.embedded.tomcat.TomcatWebServer  : Tomcat initialized with port(s): 28852 (http)
2022-08-26 15:11:45.756  INFO 7912 --- [    Test worker] o.apache.catalina.core.StandardService   : Starting service [Tomcat]
2022-08-26 15:11:45.766  INFO 7912 --- [    Test worker] org.apache.catalina.core.StandardEngine  : Starting Servlet engine: [Apache Tomcat/9.0.36]
2022-08-26 15:11:45.957  INFO 7912 --- [    Test worker] o.a.c.c.C.[Tomcat].[localhost].[/]       : Initializing Spring embedded WebApplicationContext
2022-08-26 15:11:45.957  INFO 7912 --- [    Test worker] w.s.c.ServletWebServerApplicationContext : Root WebApplicationContext: initialization completed in 2751 ms
2022-08-26 15:11:46.140  INFO 7912 --- [    Test worker] com.zaxxer.hikari.HikariDataSource       : HikariPool-1 - Starting...
2022-08-26 15:11:46.467  INFO 7912 --- [    Test worker] com.zaxxer.hikari.HikariDataSource       : HikariPool-1 - Start completed.
2022-08-26 15:11:46.487  INFO 7912 --- [    Test worker] o.s.b.a.h2.H2ConsoleAutoConfiguration    : H2 console available at '/h2-console'. Database available at 'jdbc:h2:file:~/account_db'
2022-08-26 15:11:46.703  INFO 7912 --- [    Test worker] o.s.s.concurrent.ThreadPoolTaskExecutor  : Initializing ExecutorService 'applicationTaskExecutor'
2022-08-26 15:11:46.799  INFO 7912 --- [         task-1] o.hibernate.jpa.internal.util.LogHelper  : HHH000204: Processing PersistenceUnitInfo [name: default]
2022-08-26 15:11:46.824  WARN 7912 --- [    Test worker] JpaBaseConfiguration$JpaWebConfiguration : spring.jpa.open-in-view is enabled by default. Therefore, database queries may be performed during view rendering. Explicitly configure spring.jpa.open-in-view to disable this warning
2022-08-26 15:11:46.928  INFO 7912 --- [         task-1] org.hibernate.Version                    : HHH000412: Hibernate ORM core version 5.4.17.Final
2022-08-26 15:11:47.169  INFO 7912 --- [    Test worker] o.s.s.web.DefaultSecurityFilterChain     : Creating filter chain: any request, [org.springframework.security.web.context.request.async.WebAsyncManagerIntegrationFilter@3a6556b6, org.springframework.security.web.context.SecurityContextPersistenceFilter@5368e981, org.springframework.security.web.header.HeaderWriterFilter@271e851e, org.springframework.security.web.authentication.logout.LogoutFilter@1c18ee69, org.springframework.security.web.authentication.www.BasicAuthenticationFilter@7440265c, org.springframework.security.web.savedrequest.RequestCacheAwareFilter@79b7c350, org.springframework.security.web.servletapi.SecurityContextHolderAwareRequestFilter@2d07aacc, org.springframework.security.web.authentication.AnonymousAuthenticationFilter@63bca84d, org.springframework.security.web.session.SessionManagementFilter@6851b296, org.springframework.security.web.access.ExceptionTranslationFilter@54275b5d, org.springframework.security.web.access.intercept.FilterSecurityInterceptor@26f75d9c]
2022-08-26 15:11:47.215  INFO 7912 --- [         task-1] o.hibernate.annotations.common.Version   : HCANN000001: Hibernate Commons Annotations {5.1.0.Final}
2022-08-26 15:11:47.503  INFO 7912 --- [         task-1] org.hibernate.dialect.Dialect            : HHH000400: Using dialect: org.hibernate.dialect.H2Dialect
2022-08-26 15:11:48.842  INFO 7912 --- [         task-1] o.h.e.t.j.p.i.JtaPlatformInitiator       : HHH000490: Using JtaPlatform implementation: [org.hibernate.engine.transaction.jta.platform.internal.NoJtaPlatform]
2022-08-26 15:11:48.852  INFO 7912 --- [         task-1] j.LocalContainerEntityManagerFactoryBean : Initialized JPA EntityManagerFactory for persistence unit 'default'
2022-08-26 15:11:48.941  INFO 7912 --- [    Test worker] o.s.b.a.e.web.EndpointLinksResolver      : Exposing 14 endpoint(s) beneath base path '/actuator'
2022-08-26 15:11:49.011  INFO 7912 --- [    Test worker] o.s.b.w.embedded.tomcat.TomcatWebServer  : Tomcat started on port(s): 28852 (http) with context path ''
2022-08-26 15:11:49.021  INFO 7912 --- [    Test worker] DeferredRepositoryInitializationListener : Triggering deferred initialization of Spring Data repositoriesâ€¦
2022-08-26 15:11:49.533  INFO 7912 --- [    Test worker] DeferredRepositoryInitializationListener : Spring Data repositories initialized!
2022-08-26 15:11:49.543  INFO 7912 --- [    Test worker] account.AccountServiceApplication        : Started AccountServiceApplication in 6.922 seconds (JVM running for 8.304)
2022-08-26 15:11:49.985  INFO 7912 --- [io-28852-exec-1] o.a.c.c.C.[Tomcat].[localhost].[/]       : Initializing Spring DispatcherServlet 'dispatcherServlet'
2022-08-26 15:11:49.985  INFO 7912 --- [io-28852-exec-1] o.s.web.servlet.DispatcherServlet        : Initializing Servlet 'dispatcherServlet'
2022-08-26 15:11:49.997  INFO 7912 --- [io-28852-exec-1] o.s.web.servlet.DispatcherServlet        : Completed initialization in 12 ms
?[1;31m
Start test 2?[0m
?[1;31m
Start test 3?[0m
?[1;31m
Start test 4?[0m
?[1;31m
Start test 5?[0m
?[1;31m
Start test 6?[0m
?[1;31m
Start test 7?[0m
?[1;31m
Start test 8?[0m
?[1;31m
Start test 9?[0m
?[1;31m
Start test 10?[0m
?[1;31m
Start test 11?[0m
?[1;31m
Start test 12?[0m
Hibernate: select user0_.id as id1_1_, user0_.account_non_expired as account_2_1_, user0_.account_non_locked as account_3_1_, user0_.credentials_non_expired as credenti4_1_, user0_.email as email5_1_, user0_.enabled as enabled6_1_, user0_.lastname as lastname7_1_, user0_.name as name8_1_, user0_.password as password9_1_, user0_.username as usernam10_1_ from user user0_ where user0_.username=?
Hibernate: select roles0_.user_id as user_id1_2_0_, roles0_.roles as roles2_2_0_ from user_roles roles0_ where roles0_.user_id=?
]]></system-out>
  <system-err><![CDATA[]]></system-err>
</testsuite>
